<?xml version="1.0" encoding="UTF-8"?>
<testng-results skipped="0" failed="0" ignored="0" total="1" passed="1">
  <reporter-output>
  </reporter-output>
  <suite name="Surefire suite" duration-ms="18276" started-at="2017-11-11T01:05:24Z" finished-at="2017-11-11T01:05:42Z">
    <groups>
    </groups>
    <test name="Surefire test" duration-ms="18276" started-at="2017-11-11T01:05:24Z" finished-at="2017-11-11T01:05:42Z">
      <class name="Home.TestAmazon">
        <test-method status="PASS" signature="setUP()[pri:0, instance:Home.TestAmazon@6be46e8f]" name="setUP" is-config="true" duration-ms="10029" started-at="2017-11-10T20:05:24Z" finished-at="2017-11-10T20:05:34Z">
          <reporter-output>
          </reporter-output>
        </test-method> <!-- setUP -->
        <test-method status="PASS" signature="testHome()[pri:0, instance:Home.TestAmazon@6be46e8f]" name="testHome" duration-ms="7666" started-at="2017-11-10T20:05:34Z" finished-at="2017-11-10T20:05:42Z">
          <reporter-output>
          </reporter-output>
        </test-method> <!-- testHome -->
        <test-method status="PASS" signature="closeUp()[pri:0, instance:Home.TestAmazon@6be46e8f]" name="closeUp" is-config="true" duration-ms="544" started-at="2017-11-10T20:05:42Z" finished-at="2017-11-10T20:05:42Z">
          <reporter-output>
          </reporter-output>
        </test-method> <!-- closeUp -->
      </class> <!-- Home.TestAmazon -->
    </test> <!-- Surefire test -->
  </suite> <!-- Surefire suite -->
</testng-results>
