<?xml version="1.0" encoding="UTF-8"?>
<testng-results skipped="0" failed="0" ignored="0" total="1" passed="1">
  <reporter-output>
  </reporter-output>
  <suite name="W3Schools Automation Test" duration-ms="15945" started-at="2017-11-17T23:19:47Z" finished-at="2017-11-17T23:20:02Z">
    <groups>
    </groups>
    <test name="W3shools SQL Table" duration-ms="15945" started-at="2017-11-17T23:19:47Z" finished-at="2017-11-17T23:20:02Z">
      <class name="table.ReadTableData">
        <test-method status="PASS" signature="setUp(boolean, java.lang.String, java.lang.String, java.lang.String, java.lang.String, java.lang.String, java.lang.String)[pri:0, instance:table.ReadTableData@52af6cff]" name="setUp" is-config="true" duration-ms="15229" started-at="2017-11-17T18:19:47Z" finished-at="2017-11-17T18:20:02Z">
          <params>
            <param index="0">
              <value>
                <![CDATA[false]]>
              </value>
            </param>
            <param index="1">
              <value>
                <![CDATA[browserstack]]>
              </value>
            </param>
            <param index="2">
              <value>
                <![CDATA[Mac OS]]>
              </value>
            </param>
            <param index="3">
              <value>
                <![CDATA[Sierra]]>
              </value>
            </param>
            <param index="4">
              <value>
                <![CDATA[chrome]]>
              </value>
            </param>
            <param index="5">
              <value>
                <![CDATA[62]]>
              </value>
            </param>
            <param index="6">
              <value>
                <![CDATA[https://www.w3schools.com/sql/sql_alter.asp]]>
              </value>
            </param>
          </params>
          <reporter-output>
          </reporter-output>
        </test-method> <!-- setUp -->
        <test-method status="PASS" signature="testTable()[pri:0, instance:table.ReadTableData@52af6cff]" name="testTable" duration-ms="177" started-at="2017-11-17T18:20:02Z" finished-at="2017-11-17T18:20:02Z">
          <reporter-output>
          </reporter-output>
        </test-method> <!-- testTable -->
        <test-method status="PASS" signature="closeUp()[pri:0, instance:table.ReadTableData@52af6cff]" name="closeUp" is-config="true" duration-ms="245" started-at="2017-11-17T18:20:02Z" finished-at="2017-11-17T18:20:02Z">
          <reporter-output>
          </reporter-output>
        </test-method> <!-- closeUp -->
      </class> <!-- table.ReadTableData -->
    </test> <!-- W3shools SQL Table -->
  </suite> <!-- W3Schools Automation Test -->
</testng-results>
